2025-04-16 17:00:47 [INFO] [logger.py:110] - 海康威视SDK导入成功
2025-04-16 17:00:48 [INFO] [logger.py:110] - Attempting to create camera of type: hikvision
2025-04-16 17:00:48 [INFO] [logger.py:110] - 创建海康威视相机实例
2025-04-16 17:00:48 [INFO] [logger.py:110] - 海康威视相机初始化完成，模拟模式：False
2025-04-16 17:00:48 [INFO] [logger.py:110] - 相机核心初始化成功。请刷新设备列表或连接相机。
2025-04-16 17:00:48 [INFO] [logger.py:110] - 正在枚举设备...
2025-04-16 17:00:49 [INFO] [logger.py:110] - 找到 1 个设备
2025-04-16 17:00:49 [INFO] [logger.py:110] - 发现目标型号相机 MV-CI003-GL-N6: ID=0, SN=DA1179267
2025-04-16 17:00:49 [INFO] [logger.py:110] - 找到 1 个设备。已自动选择目标相机。
2025-04-16 17:00:50 [INFO] [logger.py:110] - 正在连接到: 0...
2025-04-16 17:00:50 [INFO] [logger.py:110] - 尝试打开设备，索引: 0
2025-04-16 17:00:51 [INFO] [logger.py:110] - 设置最佳网络包大小: 8164 字节
2025-04-16 17:00:51 [INFO] [logger.py:110] - 相机打开成功，设备索引：0
2025-04-16 17:00:51 [INFO] [logger.py:110] - 相机已连接: 0
2025-04-16 17:00:51 [INFO] [logger.py:110] - 更新参数显示失败: Unknown format code 'f' for object of type 'str'
2025-04-16 17:00:51 [ERROR] [logger.py:128] - Failed to update parameter display: Unknown format code 'f' for object of type 'str'
Traceback (most recent call last):
  File "d:\F\innotime\AllCamera\UI\detectTabs\camera_tab.py", line 982, in update_parameter_display
    info_text += f"曝光: {params.get('exposure_time', 'N/A'):.0f} μs\n"
ValueError: Unknown format code 'f' for object of type 'str'
2025-04-16 17:00:51 [INFO] [logger.py:110] - 设置触发模式为 关 成功
2025-04-16 17:00:51 [INFO] [logger.py:110] - 触发模式已设置为: 连续采集
2025-04-16 17:00:53 [INFO] [logger.py:110] - 设置触发模式为 关 成功
2025-04-16 17:00:53 [INFO] [logger.py:110] - 触发模式已设置为: 连续采集
2025-04-16 17:00:53 [INFO] [logger.py:110] - 相机采集线程启动
2025-04-16 17:00:53 [INFO] [logger.py:110] - 开始采集成功
2025-04-16 17:00:53 [INFO] [logger.py:110] - 开始图像采集...
2025-04-16 17:00:57 [INFO] [logger.py:110] - 正在关闭应用程序...
2025-04-16 17:00:57 [INFO] [logger.py:110] - Stopping grabbing before exit...
2025-04-16 17:00:57 [INFO] [logger.py:110] - 停止采集成功
2025-04-16 17:00:57 [INFO] [logger.py:110] - Closing camera before exit...
2025-04-16 17:00:58 [INFO] [logger.py:110] - 相机关闭成功
2025-04-16 17:00:58 [INFO] [logger.py:110] - 清理完成，退出。
2025-04-16 17:02:15 [INFO] [logger.py:110] - 海康威视SDK导入成功
2025-04-16 17:02:16 [INFO] [logger.py:110] - Attempting to create camera of type: hikvision
2025-04-16 17:02:16 [INFO] [logger.py:110] - 创建海康威视相机实例
2025-04-16 17:02:16 [INFO] [logger.py:110] - 海康威视相机初始化完成，模拟模式：False
2025-04-16 17:02:16 [INFO] [logger.py:110] - 相机核心初始化成功。请刷新设备列表或连接相机。
2025-04-16 17:02:16 [INFO] [logger.py:110] - 正在枚举设备...
2025-04-16 17:02:16 [INFO] [logger.py:110] - 找到 1 个设备
2025-04-16 17:02:16 [INFO] [logger.py:110] - 发现目标型号相机 MV-CI003-GL-N6: ID=0, SN=DA1179267
2025-04-16 17:02:16 [INFO] [logger.py:110] - 找到 1 个设备。已自动选择目标相机。
2025-04-16 17:02:20 [INFO] [logger.py:110] - 正在关闭应用程序...
2025-04-16 17:02:20 [INFO] [logger.py:110] - 清理完成，退出。
2025-04-16 17:06:25 [INFO] [logger.py:110] - 海康威视SDK导入成功
2025-04-16 17:06:25 [INFO] [logger.py:110] - 创建海康威视相机实例
2025-04-16 17:06:25 [INFO] [logger.py:110] - 海康威视相机初始化完成，模拟模式：False
2025-04-16 17:06:25 [INFO] [logger.py:110] - 相机实例创建成功
2025-04-16 17:06:26 [INFO] [logger.py:110] - 找到 1 个设备
2025-04-16 17:06:26 [INFO] [logger.py:110] - 发现目标型号相机 MV-CI003-GL-N6: ID=0, SN=DA1179267
2025-04-16 17:06:26 [INFO] [logger.py:110] - 已自动选择MV-CI003-GL-N6型号相机 (index: 1)
2025-04-16 17:06:26 [INFO] [logger.py:110] - 找到 1 个相机设备
2025-04-16 17:06:34 [INFO] [logger.py:110] - 找到 1 个设备
2025-04-16 17:06:34 [INFO] [logger.py:110] - 发现目标型号相机 MV-CI003-GL-N6: ID=0, SN=DA1179267
2025-04-16 17:06:34 [INFO] [logger.py:110] - 已自动选择MV-CI003-GL-N6型号相机 (index: 1)
2025-04-16 17:06:34 [INFO] [logger.py:110] - 找到 1 个相机设备
2025-04-16 17:06:35 [INFO] [logger.py:110] - 从设备信息中提取到设备ID: 0
2025-04-16 17:06:35 [INFO] [logger.py:110] - 尝试打开设备，索引: 0
2025-04-16 17:06:36 [INFO] [logger.py:110] - 设置最佳网络包大小: 8164 字节
2025-04-16 17:06:36 [INFO] [logger.py:110] - 相机打开成功，设备索引：0
2025-04-16 17:06:36 [INFO] [logger.py:110] - 相机已连接: 0 (MV-CI003-GL-N6)
2025-04-16 17:06:37 [INFO] [logger.py:110] - 设置触发模式为 关 成功
2025-04-16 17:06:37 [INFO] [logger.py:110] - 触发模式已更改为: 连续采集
2025-04-16 17:06:37 [INFO] [logger.py:110] - 相机采集线程启动
2025-04-16 17:06:37 [INFO] [logger.py:110] - 开始采集成功
2025-04-16 17:06:37 [INFO] [logger.py:110] - 开始图像采集
2025-04-16 17:06:57 [INFO] [logger.py:110] - 停止采集成功
2025-04-16 17:06:58 [INFO] [logger.py:110] - 相机关闭成功
2025-04-16 17:07:41 [INFO] [logger.py:110] - 海康威视SDK导入成功
2025-04-16 17:07:42 [INFO] [logger.py:110] - Attempting to create camera of type: hikvision
2025-04-16 17:07:42 [INFO] [logger.py:110] - 创建海康威视相机实例
2025-04-16 17:07:42 [INFO] [logger.py:110] - 海康威视相机初始化完成，模拟模式：False
2025-04-16 17:07:42 [INFO] [logger.py:110] - 相机核心初始化成功。请刷新设备列表或连接相机。
2025-04-16 17:07:42 [INFO] [logger.py:110] - 正在枚举设备...
2025-04-16 17:07:42 [INFO] [logger.py:110] - 找到 1 个设备
2025-04-16 17:07:42 [INFO] [logger.py:110] - 发现目标型号相机 MV-CI003-GL-N6: ID=0, SN=DA1179267
2025-04-16 17:07:42 [INFO] [logger.py:110] - 找到 1 个设备。已自动选择目标相机。
2025-04-16 17:07:47 [INFO] [logger.py:110] - 正在连接到: 0...
2025-04-16 17:07:47 [INFO] [logger.py:110] - 尝试打开设备，索引: 0
2025-04-16 17:07:48 [INFO] [logger.py:110] - 设置最佳网络包大小: 8164 字节
2025-04-16 17:07:48 [INFO] [logger.py:110] - 相机打开成功，设备索引：0
2025-04-16 17:07:48 [INFO] [logger.py:110] - 相机已连接: 0
2025-04-16 17:07:48 [INFO] [logger.py:110] - 更新参数显示失败: Unknown format code 'f' for object of type 'str'
2025-04-16 17:07:48 [ERROR] [logger.py:128] - Failed to update parameter display: Unknown format code 'f' for object of type 'str'
Traceback (most recent call last):
  File "d:\F\innotime\AllCamera\UI\detectTabs\camera_tab.py", line 976, in update_parameter_display
    info_text += f"曝光: {params.get('exposure_time', 'N/A'):.0f} μs\n"
ValueError: Unknown format code 'f' for object of type 'str'
2025-04-16 17:07:48 [INFO] [logger.py:110] - 设置触发模式为 关 成功
2025-04-16 17:07:48 [INFO] [logger.py:110] - 触发模式已设置为: 连续采集
2025-04-16 17:07:48 [INFO] [logger.py:110] - 相机关闭成功
2025-04-16 17:07:48 [INFO] [logger.py:110] - 相机已断开
2025-04-16 17:07:50 [INFO] [logger.py:110] - 正在连接到: 0...
2025-04-16 17:07:50 [INFO] [logger.py:110] - 尝试打开设备，索引: 0
2025-04-16 17:07:50 [INFO] [logger.py:110] - 设置最佳网络包大小: 8164 字节
2025-04-16 17:07:50 [INFO] [logger.py:110] - 相机打开成功，设备索引：0
2025-04-16 17:07:50 [INFO] [logger.py:110] - 相机已连接: 0
2025-04-16 17:07:50 [INFO] [logger.py:110] - 更新参数显示失败: Unknown format code 'f' for object of type 'str'
2025-04-16 17:07:50 [ERROR] [logger.py:128] - Failed to update parameter display: Unknown format code 'f' for object of type 'str'
Traceback (most recent call last):
  File "d:\F\innotime\AllCamera\UI\detectTabs\camera_tab.py", line 976, in update_parameter_display
    info_text += f"曝光: {params.get('exposure_time', 'N/A'):.0f} μs\n"
ValueError: Unknown format code 'f' for object of type 'str'
2025-04-16 17:07:50 [INFO] [logger.py:110] - 设置触发模式为 关 成功
2025-04-16 17:07:50 [INFO] [logger.py:110] - 触发模式已设置为: 连续采集
2025-04-16 17:07:51 [INFO] [logger.py:110] - 设置触发模式为 关 成功
2025-04-16 17:07:51 [INFO] [logger.py:110] - 触发模式已设置为: 连续采集
2025-04-16 17:07:51 [INFO] [logger.py:110] - 相机采集线程启动
2025-04-16 17:07:51 [INFO] [logger.py:110] - 开始采集成功
2025-04-16 17:07:51 [INFO] [logger.py:110] - 开始图像采集...
2025-04-16 17:07:53 [INFO] [logger.py:110] - 停止采集成功
2025-04-16 17:07:53 [INFO] [logger.py:110] - 停止图像采集
2025-04-16 17:07:53 [INFO] [logger.py:110] - 相机关闭成功
2025-04-16 17:07:53 [INFO] [logger.py:110] - 相机已断开
2025-04-16 17:07:54 [INFO] [logger.py:110] - 正在连接到: 0...
2025-04-16 17:07:54 [INFO] [logger.py:110] - 尝试打开设备，索引: 0
2025-04-16 17:07:54 [INFO] [logger.py:110] - 设置最佳网络包大小: 8164 字节
2025-04-16 17:07:54 [INFO] [logger.py:110] - 相机打开成功，设备索引：0
2025-04-16 17:07:54 [INFO] [logger.py:110] - 相机已连接: 0
2025-04-16 17:07:54 [INFO] [logger.py:110] - 更新参数显示失败: Unknown format code 'f' for object of type 'str'
2025-04-16 17:07:54 [ERROR] [logger.py:128] - Failed to update parameter display: Unknown format code 'f' for object of type 'str'
Traceback (most recent call last):
  File "d:\F\innotime\AllCamera\UI\detectTabs\camera_tab.py", line 976, in update_parameter_display
    info_text += f"曝光: {params.get('exposure_time', 'N/A'):.0f} μs\n"
ValueError: Unknown format code 'f' for object of type 'str'
2025-04-16 17:07:54 [INFO] [logger.py:110] - 设置触发模式为 关 成功
2025-04-16 17:07:54 [INFO] [logger.py:110] - 触发模式已设置为: 连续采集
2025-04-16 17:07:55 [INFO] [logger.py:110] - 设置触发模式为 关 成功
2025-04-16 17:07:55 [INFO] [logger.py:110] - 触发模式已设置为: 连续采集
2025-04-16 17:07:55 [INFO] [logger.py:110] - 相机采集线程启动
2025-04-16 17:07:55 [INFO] [logger.py:110] - 开始采集成功
2025-04-16 17:07:55 [INFO] [logger.py:110] - 开始图像采集...
2025-04-16 17:07:57 [INFO] [logger.py:110] - 停止采集成功
2025-04-16 17:07:57 [INFO] [logger.py:110] - 停止图像采集
2025-04-16 17:07:58 [INFO] [logger.py:110] - 相机关闭成功
2025-04-16 17:07:58 [INFO] [logger.py:110] - 相机已断开
2025-04-16 17:07:59 [INFO] [logger.py:110] - 正在连接到: 0...
2025-04-16 17:07:59 [INFO] [logger.py:110] - 尝试打开设备，索引: 0
2025-04-16 17:08:00 [INFO] [logger.py:110] - 设置最佳网络包大小: 8164 字节
2025-04-16 17:08:00 [INFO] [logger.py:110] - 相机打开成功，设备索引：0
2025-04-16 17:08:00 [INFO] [logger.py:110] - 相机已连接: 0
2025-04-16 17:08:00 [INFO] [logger.py:110] - 更新参数显示失败: Unknown format code 'f' for object of type 'str'
2025-04-16 17:08:00 [ERROR] [logger.py:128] - Failed to update parameter display: Unknown format code 'f' for object of type 'str'
Traceback (most recent call last):
  File "d:\F\innotime\AllCamera\UI\detectTabs\camera_tab.py", line 976, in update_parameter_display
    info_text += f"曝光: {params.get('exposure_time', 'N/A'):.0f} μs\n"
ValueError: Unknown format code 'f' for object of type 'str'
2025-04-16 17:08:00 [INFO] [logger.py:110] - 设置触发模式为 关 成功
2025-04-16 17:08:00 [INFO] [logger.py:110] - 触发模式已设置为: 连续采集
2025-04-16 17:08:00 [INFO] [logger.py:110] - 设置触发模式为 关 成功
2025-04-16 17:08:00 [INFO] [logger.py:110] - 触发模式已设置为: 连续采集
2025-04-16 17:08:00 [INFO] [logger.py:110] - 相机采集线程启动
2025-04-16 17:08:00 [INFO] [logger.py:110] - 开始采集成功
2025-04-16 17:08:00 [INFO] [logger.py:110] - 开始图像采集...
2025-04-16 17:08:02 [INFO] [logger.py:110] - 停止采集成功
2025-04-16 17:08:02 [INFO] [logger.py:110] - 停止图像采集
2025-04-16 17:08:02 [INFO] [logger.py:110] - 相机关闭成功
2025-04-16 17:08:02 [INFO] [logger.py:110] - 相机已断开
2025-04-16 17:08:04 [INFO] [logger.py:110] - 正在关闭应用程序...
2025-04-16 17:08:04 [INFO] [logger.py:110] - 清理完成，退出。
